
bitinit version Xilinx EDK 14.5 Build EDK_P.58f
Copyright (c) Xilinx Inc. 2002.

Parsing MHS File mpu.mhs...

Overriding IP level properties ...
INFO:EDK:4130 - IPNAME: axi_intc, INSTANCE:microblaze_0_intc - tcl is overriding
   PARAMETER C_NUM_INTR_INPUTS value to 1 -
   C:\Xilinx\14.5\ISE_DS\EDK\hw\XilinxProcessorIPLib\pcores\axi_intc_v1_03_a\dat
   a\axi_intc_v2_1_0.mpd line 85 
INFO:EDK:4130 - IPNAME: microblaze, INSTANCE:microblaze_0 - tcl is overriding
   PARAMETER C_ENDIANNESS value to 1 -
   C:\Xilinx\14.5\ISE_DS\EDK\hw\XilinxProcessorIPLib\pcores\microblaze_v8_50_a\d
   ata\microblaze_v2_1_0.mpd line 198 
INFO:EDK:4130 - IPNAME: microblaze, INSTANCE:microblaze_0 - tcl is overriding
   PARAMETER C_ICACHE_USE_FSL value to 0 -
   C:\Xilinx\14.5\ISE_DS\EDK\hw\XilinxProcessorIPLib\pcores\microblaze_v8_50_a\d
   ata\microblaze_v2_1_0.mpd line 339 
INFO:EDK:4130 - IPNAME: microblaze, INSTANCE:microblaze_0 - tcl is overriding
   PARAMETER C_DCACHE_USE_FSL value to 0 -
   C:\Xilinx\14.5\ISE_DS\EDK\hw\XilinxProcessorIPLib\pcores\microblaze_v8_50_a\d
   ata\microblaze_v2_1_0.mpd line 369 
INFO:EDK:4130 - IPNAME: axi_interconnect, INSTANCE:axi4lite_0 - tcl is
   overriding PARAMETER C_BASEFAMILY value to spartan6 -
   C:\Xilinx\14.5\ISE_DS\EDK\hw\XilinxProcessorIPLib\pcores\axi_interconnect_v1_
   06_a\data\axi_interconnect_v2_1_0.mpd line 81 
INFO:EDK:4130 - IPNAME: axi_interconnect, INSTANCE:axi4_0 - tcl is overriding
   PARAMETER C_BASEFAMILY value to spartan6 -
   C:\Xilinx\14.5\ISE_DS\EDK\hw\XilinxProcessorIPLib\pcores\axi_interconnect_v1_
   06_a\data\axi_interconnect_v2_1_0.mpd line 81 
INFO:EDK:4130 - IPNAME: axi_quad_spi, INSTANCE:QSPI_FLASH - tcl is overriding
   PARAMETER C_SUB_FAMILY value to spartan6 -
   C:\Xilinx\14.5\ISE_DS\EDK\hw\XilinxProcessorIPLib\pcores\axi_quad_spi_v2_00_b
   \data\axi_quad_spi_v2_1_0.mpd line 88 
INFO:EDK:4130 - IPNAME: axi_s6_ddrx, INSTANCE:MCB_DDR2 - tcl is overriding
   PARAMETER C_SYS_RST_PRESENT value to 1 -
   C:\Xilinx\14.5\ISE_DS\EDK\hw\XilinxProcessorIPLib\pcores\axi_s6_ddrx_v1_06_a\
   data\axi_s6_ddrx_v2_1_0.mpd line 239 

Computing clock values...
INFO:EDK:740 - Cannot determine the input clock associated with port :
   microblaze_0_i_bram_ctrl:BRAM_Clk_A. Clock DRCs will not be performed on this
   core and cores connected to it. 
INFO:EDK:740 - Cannot determine the input clock associated with port :
   microblaze_0_d_bram_ctrl:BRAM_Clk_A. Clock DRCs will not be performed on this
   core and cores connected to it. 

Performing IP level DRCs on properties...

Running DRC Tcl procedures for OPTION IPLEVEL_DRC_PROC...
INFO:EDK - 
   INFO:For axi_quad_spi v2.00.b... 
   Checking the C_SCK_RATIO parameter... 
INFO:EDK - 
   INFO: The EXT_SPI_CLK port is connected with clk_100_0000MHzPLL0 signal.

INFO:EDK - 
   INFO: The actual SPI clock from the core will be EXT_SPI_CLK(integer
   value)/C_SCK_RATIO.

INFO:EDK - 
   INFO: Core name                   : QSPI_FLASH

INFO:EDK - 
   INFO: Instance name               : QSPI_FLASH

INFO:EDK - 
   INFO: The core is instantiated in the Legacy Mode.

INFO:EDK - 
   INFO: The AXI interface is AXI4 Lite interface.

INFO:EDK - 
   INFO: In this mode, the core is backward compatible with the
   axi_quad_spi_v1_00_a core in register mapping.

INFO:EDK - 
   INFO: This is Legacy mode of the core and 0 will not affect the core
   configuration.

INFO:EDK - 
   INFO: The FIFO depth for AXI Quad SPI core instance is chosen as 16.

INFO:EDK - 
   INFO: With present configuration, the AXI Quad SPI core's PORT SPISEL is
   connected to net_vcc. 
INFO:EDK - 
   INFO: To make the core operating in the master mode, make sure that the
   mst_n_slv bit is configured to logic 1 in SPICR settings. 
INFO:EDK - 
   INFO: The STARTUP primitive is not used in the AXI Quad SPI core
   configuration.


**************************************************************************
Address Map for Processor microblaze_0
  (0000000000-0x0000ffff) microblaze_0_d_bram_ctrl	microblaze_0_dlmb
  (0000000000-0x0000ffff) microblaze_0_i_bram_ctrl	microblaze_0_ilmb
  (0x40e00000-0x40e0ffff) Ethernet_Lite	axi4lite_0
  (0x41200000-0x4120ffff) microblaze_0_intc	axi4lite_0
  (0x41400000-0x4140ffff) debug_module	axi4lite_0
  (0x75600000-0x7560ffff) QSPI_FLASH	axi4lite_0
  (0x80000000-0x8000007f) iomodule_0	microblaze_0_dlmb
  (0x90000000-0x90000fff) error_i_base	axi4lite_0
  (0x90001000-0x90001fff) error_u00_u01	axi4lite_0
  (0x90002000-0x90002fff) error_u02_u10	axi4lite_0
  (0x90003000-0x90003fff) error_u11_u12	axi4lite_0
  (0x90004000-0x90004fff) error_u20_u21	axi4lite_0
  (0x90005000-0x90005fff) error_u22_x00	axi4lite_0
  (0x90006000-0x90006fff) error_x01_x02	axi4lite_0
  (0x90007000-0x90007fff) error_x10_x11	axi4lite_0
  (0x90008000-0x90008fff) error_x12_x20	axi4lite_0
  (0x90009000-0x90009fff) error_x21_x22	axi4lite_0
  (0xc0000000-0xc7ffffff) MCB_DDR2	axi4_0
INFO:EDK:4087 - IPNAME: axi_ethernetlite, INSTANCE: Ethernet_Lite - This design
   requires design constraints to guarantee performance.
   Please refer to the data sheet for details.  
   The AXI clock frequency must be greater than or equal to 50 MHz for 100 Mbs
   Ethernet operation and greater than or equal to 5.0 MHz for 10 Mbs Ethernet
   operation. - D:\Egitim\ELEYLT-TezCalismasi\Work\v0_8\ISE\mpu\mpu.mhs line 456
INFO:EDK:4130 - IPNAME: lmb_v10, INSTANCE:microblaze_0_ilmb - tool is overriding
   PARAMETER C_LMB_NUM_SLAVES value to 1 -
   C:\Xilinx\14.5\ISE_DS\EDK\hw\XilinxProcessorIPLib\pcores\lmb_v10_v2_00_b\data
   \lmb_v10_v2_1_0.mpd line 82 
INFO:EDK:4130 - IPNAME: lmb_v10, INSTANCE:microblaze_0_dlmb - tool is overriding
   PARAMETER C_LMB_NUM_SLAVES value to 2 -
   C:\Xilinx\14.5\ISE_DS\EDK\hw\XilinxProcessorIPLib\pcores\lmb_v10_v2_00_b\data
   \lmb_v10_v2_1_0.mpd line 82 
INFO:EDK:4130 - IPNAME: bram_block, INSTANCE:microblaze_0_bram_block - tool is
   overriding PARAMETER C_MEMSIZE value to 0x10000 -
   C:\Xilinx\14.5\ISE_DS\EDK\hw\XilinxProcessorIPLib\pcores\bram_block_v1_00_a\d
   ata\bram_block_v2_1_0.mpd line 78 

Checking platform address map ...

Initializing Memory...
Running Data2Mem with the following command:
data2mem -bm "implementation/mpu_bd" -p xc6slx45csg324-3 -bt
"implementation/mpu.bit"  -bd "bootloops/microblaze_0.elf" tag microblaze_0  -o
b implementation/download.bit 
Memory Initialization completed successfully.

