
Checking platform configuration ...
IPNAME: lmb_v10, INSTANCE: microblaze_0_ilmb - 1 master(s) : 1 slave(s) 
IPNAME: lmb_v10, INSTANCE: microblaze_0_dlmb - 1 master(s) : 2 slave(s) 
IPNAME: axi_interconnect, INSTANCE: axi_interconnect_2 - 1 master(s) : 11
slave(s) 
IPNAME: axi_interconnect, INSTANCE: axi_interconnect_1 - 1 master(s) : 6
slave(s) 
IPNAME: axi_interconnect, INSTANCE: axi4lite_0 - 1 master(s) : 16 slave(s) 
IPNAME: axi_interconnect, INSTANCE: axi4_0 - 2 master(s) : 1 slave(s) 

Checking port drivers...
WARNING:EDK:4180 - PORT: Interrupt_address_in, CONNECTOR:
   microblaze_0_interrupt_Interrupt_address_in - No driver found. Port will be
   driven to GND -
   C:\Xilinx\14.5\ISE_DS\EDK\hw\XilinxProcessorIPLib\pcores\axi_intc_v1_03_a\dat
   a\axi_intc_v2_1_0.mpd line 130 
WARNING:EDK:4181 - PORT: Processor_ack_out, CONNECTOR:
   microblaze_0_interrupt_Processor_ack_out - floating connection -
   C:\Xilinx\14.5\ISE_DS\EDK\hw\XilinxProcessorIPLib\pcores\axi_intc_v1_03_a\dat
   a\axi_intc_v2_1_0.mpd line 131 
WARNING:EDK:4181 - PORT: M_AXI_AWREGION, CONNECTOR:
   axi_interconnect_2_S_AWREGION - floating connection -
   C:\Xilinx\14.5\ISE_DS\EDK\hw\XilinxProcessorIPLib\pcores\axi2axi_connector_v1
   _00_a\data\axi2axi_connector_v2_1_0.mpd line 198 
WARNING:EDK:4181 - PORT: M_AXI_ARREGION, CONNECTOR:
   axi_interconnect_2_S_ARREGION - floating connection -
   C:\Xilinx\14.5\ISE_DS\EDK\hw\XilinxProcessorIPLib\pcores\axi2axi_connector_v1
   _00_a\data\axi2axi_connector_v2_1_0.mpd line 223 
WARNING:EDK:4181 - PORT: M_AXI_AWREGION, CONNECTOR:
   axi_interconnect_1_S_AWREGION - floating connection -
   C:\Xilinx\14.5\ISE_DS\EDK\hw\XilinxProcessorIPLib\pcores\axi2axi_connector_v1
   _00_a\data\axi2axi_connector_v2_1_0.mpd line 198 
WARNING:EDK:4181 - PORT: M_AXI_ARREGION, CONNECTOR:
   axi_interconnect_1_S_ARREGION - floating connection -
   C:\Xilinx\14.5\ISE_DS\EDK\hw\XilinxProcessorIPLib\pcores\axi2axi_connector_v1
   _00_a\data\axi2axi_connector_v2_1_0.mpd line 223 

Performing Clock DRCs...

Performing Reset DRCs...

Overriding system level properties...
INFO:EDK:4130 - IPNAME: axi_intc, INSTANCE:microblaze_0_intc - tcl is overriding
   PARAMETER C_KIND_OF_INTR value to 0b11111111111111111111111111111111 -
   C:\Xilinx\14.5\ISE_DS\EDK\hw\XilinxProcessorIPLib\pcores\axi_intc_v1_03_a\dat
   a\axi_intc_v2_1_0.mpd line 86 
INFO:EDK:4130 - IPNAME: axi_intc, INSTANCE:microblaze_0_intc - tcl is overriding
   PARAMETER C_KIND_OF_EDGE value to 0b11111111111111111111111111111111 -
   C:\Xilinx\14.5\ISE_DS\EDK\hw\XilinxProcessorIPLib\pcores\axi_intc_v1_03_a\dat
   a\axi_intc_v2_1_0.mpd line 87 
INFO:EDK:4130 - IPNAME: axi_intc, INSTANCE:microblaze_0_intc - tcl is overriding
   PARAMETER C_KIND_OF_LVL value to 0b11111111111111111111111111111111 -
   C:\Xilinx\14.5\ISE_DS\EDK\hw\XilinxProcessorIPLib\pcores\axi_intc_v1_03_a\dat
   a\axi_intc_v2_1_0.mpd line 88 
INFO:EDK:4130 - IPNAME: lmb_bram_if_cntlr, INSTANCE:microblaze_0_i_bram_ctrl -
   tcl is overriding PARAMETER C_MASK value to 0xc0000000 -
   C:\Xilinx\14.5\ISE_DS\EDK\hw\XilinxProcessorIPLib\pcores\lmb_bram_if_cntlr_v3
   _10_c\data\lmb_bram_if_cntlr_v2_1_0.mpd line 92 
INFO:EDK:4130 - IPNAME: lmb_bram_if_cntlr, INSTANCE:microblaze_0_d_bram_ctrl -
   tcl is overriding PARAMETER C_MASK value to 0xc0000000 -
   C:\Xilinx\14.5\ISE_DS\EDK\hw\XilinxProcessorIPLib\pcores\lmb_bram_if_cntlr_v3
   _10_c\data\lmb_bram_if_cntlr_v2_1_0.mpd line 92 
INFO:EDK:4130 - IPNAME: microblaze, INSTANCE:microblaze_0 - tcl is overriding
   PARAMETER C_INTERCONNECT_M_AXI_IC_READ_ISSUING value to 8 -
   C:\Xilinx\14.5\ISE_DS\EDK\hw\XilinxProcessorIPLib\pcores\microblaze_v8_50_a\d
   ata\microblaze_v2_1_0.mpd line 362 
INFO:EDK:4130 - IPNAME: microblaze, INSTANCE:microblaze_0 - tcl is overriding
   PARAMETER C_D_AXI value to 1 -
   C:\Xilinx\14.5\ISE_DS\EDK\hw\XilinxProcessorIPLib\pcores\microblaze_v8_50_a\d
   ata\microblaze_v2_1_0.mpd line 232 
INFO:EDK:4130 - IPNAME: microblaze, INSTANCE:microblaze_0 - tcl is overriding
   PARAMETER C_ADDR_TAG_BITS value to 13 -
   C:\Xilinx\14.5\ISE_DS\EDK\hw\XilinxProcessorIPLib\pcores\microblaze_v8_50_a\d
   ata\microblaze_v2_1_0.mpd line 337 
INFO:EDK:4130 - IPNAME: microblaze, INSTANCE:microblaze_0 - tcl is overriding
   PARAMETER C_DCACHE_ADDR_TAG value to 13 -
   C:\Xilinx\14.5\ISE_DS\EDK\hw\XilinxProcessorIPLib\pcores\microblaze_v8_50_a\d
   ata\microblaze_v2_1_0.mpd line 367 
INFO:EDK:4130 - IPNAME: microblaze, INSTANCE:microblaze_0 - tcl is overriding
   PARAMETER C_USE_INTERRUPT value to 1 -
   C:\Xilinx\14.5\ISE_DS\EDK\hw\XilinxProcessorIPLib\pcores\microblaze_v8_50_a\d
   ata\microblaze_v2_1_0.mpd line 401 
INFO:EDK:4130 - IPNAME: microblaze, INSTANCE:microblaze_0 - tcl is overriding
   PARAMETER C_USE_EXT_BRK value to 1 -
   C:\Xilinx\14.5\ISE_DS\EDK\hw\XilinxProcessorIPLib\pcores\microblaze_v8_50_a\d
   ata\microblaze_v2_1_0.mpd line 402 
INFO:EDK:4130 - IPNAME: microblaze, INSTANCE:microblaze_0 - tcl is overriding
   PARAMETER C_USE_EXT_NM_BRK value to 1 -
   C:\Xilinx\14.5\ISE_DS\EDK\hw\XilinxProcessorIPLib\pcores\microblaze_v8_50_a\d
   ata\microblaze_v2_1_0.mpd line 403 
INFO:EDK:4130 - IPNAME: iomodule, INSTANCE:iomodule_0 - tcl is overriding
   PARAMETER C_MASK value to 0xf0000000 -
   C:\Xilinx\14.5\ISE_DS\EDK\hw\XilinxProcessorIPLib\pcores\iomodule_v1_03_a\dat
   a\iomodule_v2_1_0.mpd line 85 
INFO:EDK:4130 - IPNAME: iomodule, INSTANCE:iomodule_0 - tcl is overriding
   PARAMETER C_IO_MASK value to 0xf0000000 -
   C:\Xilinx\14.5\ISE_DS\EDK\hw\XilinxProcessorIPLib\pcores\iomodule_v1_03_a\dat
   a\iomodule_v2_1_0.mpd line 88 
INFO:EDK:4130 - IPNAME: iomodule, INSTANCE:iomodule_0 - tcl is overriding
   PARAMETER C_INTC_POSITIVE value to 0b0000000000000001 -
   C:\Xilinx\14.5\ISE_DS\EDK\hw\XilinxProcessorIPLib\pcores\iomodule_v1_03_a\dat
   a\iomodule_v2_1_0.mpd line 161 

INFO: Setting C_RANGE_CHECK = ON for axi_interconnect axi_interconnect_2.
INFO:EDK:4130 - IPNAME: axi_interconnect, INSTANCE:axi_interconnect_2 - tcl is
   overriding PARAMETER C_RANGE_CHECK value to 1 -
   C:\Xilinx\14.5\ISE_DS\EDK\hw\XilinxProcessorIPLib\pcores\axi_interconnect_v1_
   06_a\data\axi_interconnect_v2_1_0.mpd line 149 

INFO: Setting C_RANGE_CHECK = ON for axi_interconnect axi_interconnect_1.
INFO:EDK:4130 - IPNAME: axi_interconnect, INSTANCE:axi_interconnect_1 - tcl is
   overriding PARAMETER C_RANGE_CHECK value to 1 -
   C:\Xilinx\14.5\ISE_DS\EDK\hw\XilinxProcessorIPLib\pcores\axi_interconnect_v1_
   06_a\data\axi_interconnect_v2_1_0.mpd line 149 

INFO: Setting C_RANGE_CHECK = ON for axi_interconnect axi4lite_0.
INFO:EDK:4130 - IPNAME: axi_interconnect, INSTANCE:axi4lite_0 - tcl is
   overriding PARAMETER C_RANGE_CHECK value to 1 -
   C:\Xilinx\14.5\ISE_DS\EDK\hw\XilinxProcessorIPLib\pcores\axi_interconnect_v1_
   06_a\data\axi_interconnect_v2_1_0.mpd line 149 

INFO: Setting C_RANGE_CHECK = OFF for axi_interconnect axi4_0; no DECERR
checking will be performed.
INFO:EDK:4130 - IPNAME: axi_interconnect, INSTANCE:axi4_0 - tcl is overriding
   PARAMETER C_RANGE_CHECK value to 0 -
   C:\Xilinx\14.5\ISE_DS\EDK\hw\XilinxProcessorIPLib\pcores\axi_interconnect_v1_
   06_a\data\axi_interconnect_v2_1_0.mpd line 149 
INFO:EDK:4130 - IPNAME: axi_s6_ddrx, INSTANCE:MCB_DDR2 - tcl is overriding
   PARAMETER C_MEMCLK_PERIOD value to 3333 -
   C:\Xilinx\14.5\ISE_DS\EDK\hw\XilinxProcessorIPLib\pcores\axi_s6_ddrx_v1_06_a\
   data\axi_s6_ddrx_v2_1_0.mpd line 121 
INFO:EDK:4130 - IPNAME: axi_s6_ddrx, INSTANCE:MCB_DDR2 - tcl is overriding
   PARAMETER C_S1_AXI_REG_EN0 value to 0x0000F -
   C:\Xilinx\14.5\ISE_DS\EDK\hw\XilinxProcessorIPLib\pcores\axi_s6_ddrx_v1_06_a\
   data\axi_s6_ddrx_v2_1_0.mpd line 176 
INFO:EDK:4130 - IPNAME: axi_s6_ddrx, INSTANCE:MCB_DDR2 - tcl is overriding
   PARAMETER C_S2_AXI_REG_EN0 value to 0x0000F -
   C:\Xilinx\14.5\ISE_DS\EDK\hw\XilinxProcessorIPLib\pcores\axi_s6_ddrx_v1_06_a\
   data\axi_s6_ddrx_v2_1_0.mpd line 190 
INFO:EDK:4130 - IPNAME: axi_s6_ddrx, INSTANCE:MCB_DDR2 - tcl is overriding
   PARAMETER C_S3_AXI_REG_EN0 value to 0x0000F -
   C:\Xilinx\14.5\ISE_DS\EDK\hw\XilinxProcessorIPLib\pcores\axi_s6_ddrx_v1_06_a\
   data\axi_s6_ddrx_v2_1_0.mpd line 204 
INFO:EDK:4130 - IPNAME: axi_s6_ddrx, INSTANCE:MCB_DDR2 - tcl is overriding
   PARAMETER C_S4_AXI_REG_EN0 value to 0x0000F -
   C:\Xilinx\14.5\ISE_DS\EDK\hw\XilinxProcessorIPLib\pcores\axi_s6_ddrx_v1_06_a\
   data\axi_s6_ddrx_v2_1_0.mpd line 218 
INFO:EDK:4130 - IPNAME: axi_s6_ddrx, INSTANCE:MCB_DDR2 - tcl is overriding
   PARAMETER C_S5_AXI_REG_EN0 value to 0x0000F -
   C:\Xilinx\14.5\ISE_DS\EDK\hw\XilinxProcessorIPLib\pcores\axi_s6_ddrx_v1_06_a\
   data\axi_s6_ddrx_v2_1_0.mpd line 232 

Running system level update procedures...

Running UPDATE Tcl procedures for OPTION SYSLEVEL_UPDATE_PROC...
Invoking MIG ...
MIG returned 0

Running system level DRCs...

Performing System level DRCs on properties...

Running DRC Tcl procedures for OPTION SYSLEVEL_DRC_PROC...
INTC INFO:: Processor_clk not connected.. IRQ to Microblaze is generated on AXI
clock.
WARNING:EDK -  ****************************************************************
WARNING:EDK -  Optimization Alert: axi_interconnect axi_interconnect_1: All SI 
WARNING:EDK -  and MI slots use AXI4-Lite protocol, and the interconnect is 
WARNING:EDK -  configured as a high-performance crossbar 
WARNING:EDK -  (C_INTERCONNECT_CONNECTIVITY_MODE = 1). AXI4-Lite traffic 
WARNING:EDK -  generally cannot take advantage of full crossbar functionality. 
WARNING:EDK -  To reduce resources, set C_INTERCONNECT_CONNECTIVITY_MODE = 0 
WARNING:EDK -  ("Shared-access").

INFO:EDK - 
   INFO:For axi_quad_spi, in the present instance, the C_SCK_RATIO is set to :
   16. 
INFO:EDK - 
   INFO: The EXT_SPI_CLK period is : 10000 ps.

INFO:EDK - 
   INFO: User can connect the same AXI clock connected to the core to
   EXT_SPI_CLK port with proper C_SCK_RATIO value.

INFO:EDK - 
   INFO: For the Winbond memories, the EXT_SPI_CLK is connected to 100000000 Hz
   clock source and C_SCK_RATIO is 16.

INFO:EDK - 
   INFO:Though other C_SCK_RATIO's are allowed in legacy mode, it is good to use
   C_SCK_RATIO = 2 to get the highest SPI clock at SPI interface.

Port present in Ethernet_Lite
Conversion to XML complete.
