WARNING:EDK:878 - Could not find IP doc
   http://www.xilinx.com/cgi-bin/docs/ipdoc?c=axi_gpio;v=v1_01_b;d=ds744_axi_gpi
   o.pdf
WARNING:EDK:878 - Could not find IP doc
   http://www.xilinx.com/cgi-bin/docs/ipdoc?c=axi_gpio;v=v1_01_b;d=ds744_axi_gpi
   o.pdf
WARNING:EDK:878 - Could not find IP doc
   http://www.xilinx.com/cgi-bin/docs/ipdoc?c=axi_gpio;v=v1_01_b;d=ds744_axi_gpi
   o.pdf
WARNING:EDK:878 - Could not find IP doc
   http://www.xilinx.com/cgi-bin/docs/ipdoc?c=axi_gpio;v=v1_01_b;d=ds744_axi_gpi
   o.pdf
WARNING:EDK:878 - Could not find IP doc
   http://www.xilinx.com/cgi-bin/docs/ipdoc?c=axi_gpio;v=v1_01_b;d=ds744_axi_gpi
   o.pdf
WARNING:EDK:878 - Could not find IP doc
   http://www.xilinx.com/cgi-bin/docs/ipdoc?c=axi_gpio;v=v1_01_b;d=ds744_axi_gpi
   o.pdf
WARNING:EDK:878 - Could not find IP doc
   http://www.xilinx.com/cgi-bin/docs/ipdoc?c=axi_gpio;v=v1_01_b;d=ds744_axi_gpi
   o.pdf
WARNING:EDK:878 - Could not find IP doc
   http://www.xilinx.com/cgi-bin/docs/ipdoc?c=axi_gpio;v=v1_01_b;d=ds744_axi_gpi
   o.pdf
WARNING:EDK:878 - Could not find IP doc
   http://www.xilinx.com/cgi-bin/docs/ipdoc?c=axi_gpio;v=v1_01_b;d=ds744_axi_gpi
   o.pdf
WARNING:EDK:878 - Could not find IP doc
   http://www.xilinx.com/cgi-bin/docs/ipdoc?c=axi_gpio;v=v1_01_b;d=ds744_axi_gpi
   o.pdf
WARNING:EDK:878 - Could not find IP doc
   http://www.xilinx.com/cgi-bin/docs/ipdoc?c=axi_gpio;v=v1_01_b;d=ds744_axi_gpi
   o.pdf
WARNING:EDK:878 - Could not find IP doc
   http://www.xilinx.com/cgi-bin/docs/ipdoc?c=axi_gpio;v=v1_01_b;d=ds744_axi_gpi
   o.pdf
WARNING:EDK:878 - Could not find IP doc
   http://www.xilinx.com/cgi-bin/docs/ipdoc?c=axi_gpio;v=v1_01_b;d=ds744_axi_gpi
   o.pdf
WARNING:EDK:878 - Could not find IP doc
   http://www.xilinx.com/cgi-bin/docs/ipdoc?c=axi_gpio;v=v1_01_b;d=ds744_axi_gpi
   o.pdf
WARNING:EDK:878 - Could not find IP doc
   http://www.xilinx.com/cgi-bin/docs/ipdoc?c=proc_sys_reset;v=v3_00_a;d=proc_sy
   s_reset.pdf
WARNING:EDK:878 - Could not find IP doc
   http://www.xilinx.com/cgi-bin/docs/ipdoc?c=axi_intc;v=v1_03_a;d=ds747_axi_int
   c.pdf
WARNING:EDK:878 - Could not find IP doc
   http://www.xilinx.com/cgi-bin/docs/ipdoc?c=lmb_v10;v=v2_00_b;d=pg087-lmb-v10.
   pdf
WARNING:EDK:878 - Could not find IP doc
   http://www.xilinx.com/cgi-bin/docs/ipdoc?c=lmb_bram_if_cntlr;v=v3_10_c;d=pg06
   1-lmb-bram-if-cntlr.pdf
WARNING:EDK:878 - Could not find IP doc
   http://www.xilinx.com/cgi-bin/docs/ipdoc?c=lmb_v10;v=v2_00_b;d=pg087-lmb-v10.
   pdf
WARNING:EDK:878 - Could not find IP doc
   http://www.xilinx.com/cgi-bin/docs/ipdoc?c=lmb_bram_if_cntlr;v=v3_10_c;d=pg06
   1-lmb-bram-if-cntlr.pdf
WARNING:EDK:878 - Could not find IP doc
   http://www.xilinx.com/cgi-bin/docs/ipdoc?c=bram_block;v=v1_00_a;d=bram_block.
   pdf
WARNING:EDK:878 - Could not find IP doc
   http://www.xilinx.com/cgi-bin/docs/ipdoc?c=iomodule;v=v1_03_a;d=pg052-iomodul
   e.pdf
WARNING:EDK:878 - Could not find IP doc
   http://www.xilinx.com/cgi-bin/docs/ipdoc?c=axi_gpio;v=v1_01_b;d=ds744_axi_gpi
   o.pdf
WARNING:EDK:878 - Could not find IP doc
   http://www.xilinx.com/cgi-bin/docs/ipdoc?c=axi_gpio;v=v1_01_b;d=ds744_axi_gpi
   o.pdf
WARNING:EDK:878 - Could not find IP doc
   http://www.xilinx.com/cgi-bin/docs/ipdoc?c=axi_gpio;v=v1_01_b;d=ds744_axi_gpi
   o.pdf
WARNING:EDK:878 - Could not find IP doc
   http://www.xilinx.com/cgi-bin/docs/ipdoc?c=axi_gpio;v=v1_01_b;d=ds744_axi_gpi
   o.pdf
WARNING:EDK:878 - Could not find IP doc
   http://www.xilinx.com/cgi-bin/docs/ipdoc?c=axi_gpio;v=v1_01_b;d=ds744_axi_gpi
   o.pdf
WARNING:EDK:878 - Could not find IP doc
   http://www.xilinx.com/cgi-bin/docs/ipdoc?c=axi_gpio;v=v1_01_b;d=ds744_axi_gpi
   o.pdf
WARNING:EDK:878 - Could not find IP doc
   http://www.xilinx.com/cgi-bin/docs/ipdoc?c=axi_gpio;v=v1_01_b;d=ds744_axi_gpi
   o.pdf
WARNING:EDK:878 - Could not find IP doc
   http://www.xilinx.com/cgi-bin/docs/ipdoc?c=axi_gpio;v=v1_01_b;d=ds744_axi_gpi
   o.pdf
WARNING:EDK:878 - Could not find IP doc
   http://www.xilinx.com/cgi-bin/docs/ipdoc?c=axi_gpio;v=v1_01_b;d=ds744_axi_gpi
   o.pdf
WARNING:EDK:878 - Could not find IP doc
   http://www.xilinx.com/cgi-bin/docs/ipdoc?c=axi_gpio;v=v1_01_b;d=ds744_axi_gpi
   o.pdf
WARNING:EDK:878 - Could not find IP doc
   http://www.xilinx.com/cgi-bin/docs/ipdoc?c=axi_gpio;v=v1_01_b;d=ds744_axi_gpi
   o.pdf
WARNING:EDK:878 - Could not find IP doc
   http://www.xilinx.com/cgi-bin/docs/ipdoc?c=axi_gpio;v=v1_01_b;d=ds744_axi_gpi
   o.pdf
WARNING:EDK:878 - Could not find IP doc
   http://www.xilinx.com/cgi-bin/docs/ipdoc?c=mdm;v=v2_10_a;d=pg062-mdm.pdf
WARNING:EDK:878 - Could not find IP doc
   http://www.xilinx.com/cgi-bin/docs/ipdoc?c=clock_generator;v=v4_03_a;d=clock_
   generator.pdf
WARNING:EDK:878 - Could not find IP doc
   http://www.xilinx.com/cgi-bin/docs/ipdoc?c=axi_interconnect;v=v1_06_a;d=ds768
   _axi_interconnect.pdf
WARNING:EDK:878 - Could not find IP doc
   http://www.xilinx.com/cgi-bin/docs/ipdoc?c=axi_interconnect;v=v1_06_a;d=ds768
   _axi_interconnect.pdf
WARNING:EDK:878 - Could not find IP doc
   http://www.xilinx.com/cgi-bin/docs/ipdoc?c=axi_gpio;v=v1_01_b;d=ds744_axi_gpi
   o.pdf
WARNING:EDK:878 - Could not find IP doc
   http://www.xilinx.com/cgi-bin/docs/ipdoc?c=axi_interconnect;v=v1_06_a;d=ds768
   _axi_interconnect.pdf
WARNING:EDK:878 - Could not find IP doc
   http://www.xilinx.com/cgi-bin/docs/ipdoc?c=axi_interconnect;v=v1_06_a;d=ds768
   _axi_interconnect.pdf
WARNING:EDK:878 - Could not find IP doc
   http://www.xilinx.com/cgi-bin/docs/ipdoc?c=axi2axi_connector;v=v1_00_a;d=ds80
   3_axi2axi_connector.pdf
WARNING:EDK:878 - Could not find IP doc
   http://www.xilinx.com/cgi-bin/docs/ipdoc?c=axi2axi_connector;v=v1_00_a;d=ds80
   3_axi2axi_connector.pdf
WARNING:EDK:878 - Could not find IP doc
   http://www.xilinx.com/cgi-bin/docs/ipdoc?c=axi_quad_spi;v=v2_00_b;d=ds843_axi
   _quad_spi.pdf
WARNING:EDK:878 - Could not find IP doc
   http://www.xilinx.com/cgi-bin/docs/ipdoc?c=axi_s6_ddrx;v=v1_06_a;d=ug416_axi_
   s6_ddrx.pdf
WARNING:EDK:878 - Could not find IP doc
   http://www.xilinx.com/cgi-bin/docs/ipdoc?c=axi_ethernetlite;v=v1_01_b;d=ds787
   _axi_ethernetlite.pdf
Generated Block Diagram.
Rasterizing x_data_in_out.jpg.....
Rasterizing x_address_we.jpg.....
Rasterizing u_data_in_out.jpg.....
Rasterizing u_address_we.jpg.....
Rasterizing template_I_base.jpg.....
Rasterizing template_B21_B22.jpg.....
Rasterizing template_B12_B20.jpg.....
Rasterizing template_B10_B11.jpg.....
Rasterizing template_B01_B02.jpg.....
Rasterizing template_A22_B00.jpg.....
Rasterizing template_A20_A21.jpg.....
Rasterizing template_A11_A12.jpg.....
Rasterizing template_A02_A10.jpg.....
Rasterizing template_A00_A01.jpg.....
Rasterizing proc_sys_reset_0.jpg.....
Rasterizing microblaze_0_intc.jpg.....
Rasterizing microblaze_0_ilmb.jpg.....
Rasterizing microblaze_0_i_bram_ctrl.jpg.....
Rasterizing microblaze_0_dlmb.jpg.....
Rasterizing microblaze_0_d_bram_ctrl.jpg.....
Rasterizing microblaze_0_bram_block.jpg.....
Rasterizing microblaze_0.jpg.....
Rasterizing iomodule_0.jpg.....
Rasterizing ideal_data_in_out.jpg.....
Rasterizing ideal_address_we.jpg.....
Rasterizing error_x21_x22.jpg.....
Rasterizing error_x12_x20.jpg.....
Rasterizing error_x10_x11.jpg.....
Rasterizing error_x01_x02.jpg.....
Rasterizing error_u22_x00.jpg.....
Rasterizing error_u20_u21.jpg.....
Rasterizing error_u11_u12.jpg.....
Rasterizing error_u02_u10.jpg.....
Rasterizing error_u00_u01.jpg.....
Rasterizing error_i_base.jpg.....
Rasterizing debug_module.jpg.....
Rasterizing clock_generator_0.jpg.....
Rasterizing axi_interconnect_2.jpg.....
Rasterizing axi_interconnect_1.jpg.....
Rasterizing template_xbnd_ubnd.jpg.....
Rasterizing axi4lite_0.jpg.....
Rasterizing axi4_0.jpg.....
Rasterizing axi2axi_connector_2.jpg.....
Rasterizing axi2axi_connector_1.jpg.....
Rasterizing QSPI_FLASH.jpg.....
Rasterizing MCB_DDR2.jpg.....
Rasterizing Ethernet_Lite.jpg.....
Rasterizing mpu_blkd.jpg.....
Report generated.
Report generation completed.
