0000010000000000
0000010000000000
1111110000000000
1111110000000000
1111110100010000
1111110000000000
1111110000000000
1111110000000000
1111110000000000
1111110000000000
1111111011001000
0000010000000000
0000010000000000
0000010000000000
1111110000000000
1111110000000000
0000010000000000
0000010000000000
1111110000000000
1111110000000000
1111110100101101
1111110000000000
1111110000000000
1111111001001010
1111110000000000
1111110000000000
1111110000000000
0000010000000000
1111110000000000
0000010000000000
1111110000000000
1111110000000000
1111110000000000
0000010000000000
1111110000000000
1111110000000000
1111110000000000
1111110000000000
1111110000000000
0000010000000000
0000010000000000
1111110000000000
1111110000000000
1111110000000000
0000000111001000
0000001010001111
1111110000000000
1111110000000000
1111110000000000
0000010000000000
1111110000000000
1111110000000000
1111110000000000
1111110000000000
1111110000000000
0000010000000000
0000010000000000
0000010000000000
1111110000000000
1111110000000000
0000010000000000
1111110000000000
1111110000000000
0000010000000000
1111110000000000
0000010000000000
1111110000000000
0000000110010000
1111110000000000
1111110000000000
0000010000000000
0000010000000000
0000010000000000
0000010000000000
0000010000000000
0000010000000000
0000010000000000
1111110000000000
0000000110100100
0000010000000000
1111110000000000
0000010000000000
1111110000000000
0000001010000011
0000010000000000
1111110000000000
0000010000000000
1111110000000000
1111110000000000
1111110000000000
0000010000000000
0000010000000000
1111110000000000
1111110000000000
0000010000000000
0000010000000000
1111110000000000
0000010000000000
1111110000000000
1111110000000000
0000010000000000
1111110000000000
1111110000000000
1111110000000000
1111110000000000
0000010000000000
1111110000000000
1111110000000000
1111110000000000
1111110000000000
0000010000000000
0000010000000000
1111110000000000
0000010000000000
1111110000000000
0000000101111010
0000010000000000
1111110000000000
1111110000000000
0000010000000000
1111111100011000
0000010000000000
0000010000000000
1111110000000000
1111110000000000
0000010000000000
1111111100000000
1111110000000000
1111110000000000
0000010000000000
1111110000000000
0000010000000000
1111110000000000
1111110000000000
1111110000000000
0000010000000000
1111110000000000
0000010000000000
1111110000000000
1111110000000000
1111110000000000
0000010000000000
1111110000000000
1111111100000110
1111110000000000
0000010000000000
1111110000000000
1111110000000000
1111110000000000
1111110000000000
1111110000000000
0000010000000000
0000010000000000
0000010000000000
0000010000000000
1111110000000000
0000000111111110
1111111000110110
1111110000000000
0000010000000000
1111110000000000
0000010000000000
1111110000000000
1111110000000000
1111110110111011
0000010000000000
1111110000000000
0000010000000000
1111111000111010
0000010000000000
1111110000000000
1111110000000000
0000010000000000
1111110000000000
1111111100100001
0000010000000000
1111110000000000
0000010000000000
1111110000000000
1111110000000000
0000010000000000
1111110000000000
1111110000000000
1111110000000000
0000001000101011
1111110101000010
1111110000000000
1111110000000000
0000010000000000
1111110000000000
0000010000000000
0000010000000000
1111110000000000
0000010000000000
1111110000000000
1111110000000000
0000010000000000
1111110000000000
1111110000000000
1111110000000000
0000010000000000
0000010000000000
1111110000000000
1111110000000000
1111110000000000
1111110000000000
0000010000000000
1111110000000000
1111110000000000
0000010000000000
1111110000000000
1111110000000000
0000010000000000
0000010000000000
1111110000000000
1111110000000000
1111110101011110
0000000111000100
0000010000000000
1111110000000000
1111110000000000
0000010000000000
0000010000000000
1111110000000000
1111110000000000
0000010000000000
1111110000000000
1111110000000000
1111111011011000
1111110000000000
1111110000000000
0000010000000000
1111110000000000
1111110000000000
0000010000000000
0000010000000000
1111110000000000
0000010000000000
1111110000000000
1111110000000000
1111110000000000
0000010000000000
1111110000000000
1111110000000000
1111110000000000
1111110000000000
1111110000000000
0000010000000000
0000000110110000
1111110000000000
0000010000000000
0000010000000000
1111110000000000
1111110000000000
1111110000000000
1111110000000000
