1111110011010101
0000001000010101
0000001010100101
0000001010001001
0000001010000010
1111110111100000
0000001101111000
0000001111011110
1111110110110111
1111110000001101
0000001000100011
1111110011101000
0000001100111010
1111110110001110
1111110100100011
1111110000101000
0000001110000101
0000001011000001
0000001010010000
0000001110100100
0000001111101001
0000001011011010
1111110111110110
1111110100111101
0000001001101111
1111110011111011
1111110001011110
1111110101010111
1111110000110101
0000001000101101
0000001010101011
1111110011001010
0000001010111001
0000001010001110
1111110111100011
1111110000011000
0000001100000110
1111110110000001
0000001001000000
0000001110010000
0000001111100100
0000001111111001
0000001011011110
1111110111110111
1111110000011101
0000001000100111
1111110011101001
0000001000011010
0000001011100011
1111110011011000
0000001100110110
1111110110001101
0000001001000011
1111110011110000
0000001100111100
0000001111001111
1111110010010011
1111110001000100
0000001100010001
0000001011100100
0000001110111001
0000001011001110
1111110111110011
1111110000011100
1111110111000011
1111110000010000
0000001100000100
0000001111000001
0000001011010000
0000001110110100
0000001111101101
0000001011011011
1111110011010110
1111110101110101
0000001001111101
0000001010111111
1111110011001111
1111110001010011
1111110001110100
0000001100011101
1111110100110011
1111110000101100
0000001100001011
1111110010100010
1111110101101000
0000001101011010
1111110110010110
1111110100100101
0000001001101001
0000001010111010
1111110111101110
1111110100111011
1111110000101110
1111110101001011
1111110000110010
1111110101001100
1111110111101001
0000001001011010
1111110111010110
1111110100110101
0000001001101101
0000001010111011
1111110011001110
1111110101110011
1111110000111100
0000001100001111
1111110010100011
1111110001001000
0000001100010010
1111110110000100
0000001101100001
0000001011111000
0000001111011111
1111110010010111
1111110001000101
0000001000110001
0000001010101100
0000001110101011
1111110010001010
1111110101100010
1111110100011000
0000001101000110
1111110110010001
0000001001000100
0000001110010001
0000001011000100
0000001110110001
0000001011001100
1111110110011001
0000001001000110
1111110111010001
0000001001010100
0000001110010101
0000001011000101
0000001010010001
0000001010000100
0000001110100001
0000001011001000
0000001110110010
1111110110101100
0000001101101011
1111110010111010
1111110101101110
1111110100011011
0000001000010011
1111110011100100
0000001100111001
0000001011101110
1111110111111011
1111110000011110
1111110101000111
1111110000110001
0000001000101100
0000001110001011
1111110010000010
1111110101100000
0000001101011000
0000001111010110
1111110110110101
0000001001001101
1111110100011001
0000001001100110
1111110111011001
0000001001010110
1111110111010101
0000001001010101
0000001010110101
0000001010001101
0000001010000011
1111110011000000
0000001100110000
0000001111001100
0000001111110011
1111110010011100
0000001100100111
1111110010101001
0000001100000101
0000001011100001
0000001010011000
0000001110100110
1111110110101001
0000001001001010
1111110111010010
1111110100110100
0000001101001101
0000001011110011
1111110011011100
0000001100110111
1111110010101101
0000001000001011
1111110011100010
1111110101111000
0000001110101111
1111110010001011
1111110001000010
1111110101010000
0000001101010100
0000001111010101
0000001011010101
0000001010010101
0000001010000101
0000001010000001
0000001010000000
0000001110100000
0000001111101000
0000001111111010
1111110110111110
1111110100101111
1111110001010101
0000001000110101
0000001010101101
0000001010001011
1111110011000010
1111110101110000
0000001101011100
0000001111010111
1111110010010101
0000001000000101
0000001010100001
0000001010001000
0000001110100010
1111110110101000
0000001101101010
1111110110011010
0000001010010011
1111110011000100
0000001100110001
0000001011101100
0000001110111011
1111110010001110
1111110101100011
1111110000111000
0000001100001110
1111110110000011
1111110000000000
0000001100000000
0000001111000000
0000001111110000
0000001111111100
0000001111111111
1111110000001111
1111110001100011
1111110001111000
0000001100011110
1111110110000111
1111110000000001
0000001000100000
0000001110001000
0000001111100010
1111110110111000
0000001101101110
1111110110011011
1111110000000110
1111110101000001
0000001001110000
0000001110011100
