INFO:sim:172 - Generating IP...
Applying current project options...
Finished applying current project options.
ERROR:sim - Unable to find D:\Egitim\ELEYLT-Tez
ERROR:sim -   
   Calismasi\Work\ISE\erdem_vhdl\cnn_application\v1_remaster\source\rom_files\ro
ERROR:sim -    m_image.coe
ERROR:sim -    Coregen is looking for D:\Egitim\ELEYLT-Tez
ERROR:sim -   
   Calismasi\Work\ISE\erdem_vhdl\cnn_application\v1_remaster\source\rom_files\ro
ERROR:sim -    m_image.coe
ERROR:sim - Unable to find D:\Egitim\ELEYLT-Tez
ERROR:sim -   
   Calismasi\Work\ISE\erdem_vhdl\cnn_application\v1_remaster\source\rom_files\ro
ERROR:sim -    m_image.coe
ERROR:sim -    Coregen is looking for D:\Egitim\ELEYLT-Tez
ERROR:sim -   
   Calismasi\Work\ISE\erdem_vhdl\cnn_application\v1_remaster\source\rom_files\ro
ERROR:sim -    m_image.coe
ERROR:sim - An invalid core configuration has been detected during
ERROR:sim -    Customization. Core parameters will be reset to their default
   values.
WARNING:sim - A core named 'dist_mem_gen_v7_2' already exists in the project.
   Output products for this core may be overwritten.
Resolving generics for 'dist_mem_gen_v7_2'...
WARNING:sim - A core named 'dist_mem_gen_v7_2' already exists in the project.
   Output products for this core may be overwritten.
Applying external generics to 'dist_mem_gen_v7_2'...
Delivering associated files for 'dist_mem_gen_v7_2'...
Delivering EJava files for 'dist_mem_gen_v7_2'...
Generating implementation netlist for 'dist_mem_gen_v7_2'...
INFO:sim - Pre-processing HDL files for 'dist_mem_gen_v7_2'...
Running synthesis for 'dist_mem_gen_v7_2'
Running ngcbuild...
Writing VHO instantiation template for 'dist_mem_gen_v7_2'...
Writing VHDL behavioral simulation model for 'dist_mem_gen_v7_2'...
WARNING:sim - Overwriting existing file D:/Egitim/ELEYLT-Tez
   Calismasi/Work/v0_1/ISE/ipcore_dir/tmp/_cg/dist_mem_gen_v7_2/doc/dist_mem_gen
   _v7_2_vinfo.html with file from view xilinx_documentation
Delivered 2 files into directory D:/Egitim/ELEYLT-Tez
Calismasi/Work/v0_1/ISE/ipcore_dir/tmp/_cg/dist_mem_gen_v7_2
Generating ASY schematic symbol...
INFO:sim:949 - Finished generation of ASY schematic symbol.
Generating SYM schematic symbol for 'dist_mem_gen_v7_2'...
Generating metadata file...
Regenerating ISE project file for 'dist_mem_gen_v7_2'...
Generating ISE project...
XCO file found: dist_mem_gen_v7_2.xco
XMDF file found: dist_mem_gen_v7_2_xmdf.tcl
Adding D:/Egitim/ELEYLT-Tez
Calismasi/Work/v0_1/ISE/ipcore_dir/tmp/_cg/dist_mem_gen_v7_2.asy -view all
-origin_type imported
Adding D:/Egitim/ELEYLT-Tez
Calismasi/Work/v0_1/ISE/ipcore_dir/tmp/_cg/dist_mem_gen_v7_2.ngc -view all
-origin_type created
Checking file "D:/Egitim/ELEYLT-Tez
Calismasi/Work/v0_1/ISE/ipcore_dir/tmp/_cg/dist_mem_gen_v7_2.ngc" for project
device match ...
File "D:/Egitim/ELEYLT-Tez
Calismasi/Work/v0_1/ISE/ipcore_dir/tmp/_cg/dist_mem_gen_v7_2.ngc" device
information matches project device.
Adding D:/Egitim/ELEYLT-Tez
Calismasi/Work/v0_1/ISE/ipcore_dir/tmp/_cg/dist_mem_gen_v7_2.sym -view all
-origin_type imported
Adding D:/Egitim/ELEYLT-Tez
Calismasi/Work/v0_1/ISE/ipcore_dir/tmp/_cg/dist_mem_gen_v7_2.vhd -view all
-origin_type created
INFO:HDLCompiler:1061 - Parsing VHDL file "D:/Egitim/ELEYLT-Tez
   Calismasi/Work/v0_1/ISE/ipcore_dir/tmp/_cg/dist_mem_gen_v7_2.vhd" into
   library work
INFO:ProjectMgmt - Parsing design hierarchy completed successfully.
Adding D:/Egitim/ELEYLT-Tez
Calismasi/Work/v0_1/ISE/ipcore_dir/tmp/_cg/dist_mem_gen_v7_2.vho -view all
-origin_type imported
INFO:TclTasksC:2116 - The automatic calculation of top has been turned-off.
   Please set the new top explicitly by running the "project set top" command.
   To re-calculate the new top automatically, set the "Auto Implementation Top"
   property to true.
Top level has been set to "/dist_mem_gen_v7_2"
Generating README file...
Generating FLIST file...
INFO:sim:948 - Finished FLIST file generation.
Launching README viewer...
Moving files to output directory...
Finished moving files to output directory
Wrote CGP file for project 'rom_input_image'.
